MPASM 5.77  /HOME/SUANNYFABYNE/DOCUMENTOS/P6   8-23-2018  0:42:12         PAGE  1


LOC  OBJECT CODE     LINE SOURCE TEXT
  VALUE

                      00001 ;* * * * * * * * * * * * * * * * * * * * * * * * * * * * * * * * * *
                      00002 ;*              MODIFICAÇÕES PARA USO COM 12F675                   *
                      00003 ;*                FEITAS PELO PROF. MARDSON                        *
                      00004 ;*                    FEVEREIRO DE 2016                            *
                      00005 ;* * * * * * * * * * * * * * * * * * * * * * * * * * * * * * * * * *
                      00006 
                      00007 ;* * * * * * * * * * * * * * * * * * * * * * * * * * * * * * * * * *
                      00008 ;*                          PISCA-PISCA                            *
                      00009 ;*               SUANNY FABYNE DA SILVA VIEIRA                     *
                      00010 ;*         DESENVOLVIDO PELA MOSAICO ENGENHARIA E CONSULTORIA      *
                      00011 ;*   VERSÃO: 1.0                           DATA: 17/06/03          *
                      00012 ;* * * * * * * * * * * * * * * * * * * * * * * * * * * * * * * * * *
                      00013 ;*                     DESCRIÇÃO DO ARQUIVO                        *
                      00014 ;*-----------------------------------------------------------------*
                      00015 ;*   MODELO PARA O PIC 12F675                                      *
                      00016 ;*                                                                 *
                      00017 ;*                                                                 *
                      00018 ;* * * * * * * * * * * * * * * * * * * * * * * * * * * * * * * * * *
                      00019 
                      00020 ;* * * * * * * * * * * * * * * * * * * * * * * * * * * * * * * * * *
                      00021 ;*                     ARQUIVOS DE DEFINIÇÕES                      *
                      00022 ;* * * * * * * * * * * * * * * * * * * * * * * * * * * * * * * * * *
                      00023 #INCLUDE <p12f675.inc>  ;ARQUIVO PADRÃO MICROCHIP PARA 12F675
                      00001         LIST
                      00002 
                      00003 ;==========================================================================
                      00004 ; Build date : Nov 22 2017
                      00005 ;  MPASM PIC12F675 processor include
                      00006 ; 
                      00007 ;  (c) Copyright 1999-2017 Microchip Technology, All rights reserved
                      00008 ;==========================================================================
                      00009 
                      00367         LIST
                      00024 
2007   3FA4           00025         __CONFIG _BODEN_OFF & _CP_OFF & _PWRTE_ON & _WDT_OFF & _MCLRE_ON & _INTRC_OSC_NOCLKOUT
                      00026 
                      00027 ;* * * * * * * * * * * * * * * * * * * * * * * * * * * * * * * * * *
                      00028 ;*                    PAGINAÇÃO DE MEMÓRIA                         *
                      00029 ;* * * * * * * * * * * * * * * * * * * * * * * * * * * * * * * * * *
                      00030 ;DEFINIÇÃO DE COMANDOS DE USUÁRIO PARA ALTERAÇÃO DA PÁGINA DE MEMÓRIA
                      00031 #DEFINE BANK0   BCF STATUS,RP0  ;SETA BANK 0 DE MEMÓRIA
                      00032 #DEFINE BANK1   BSF STATUS,RP0  ;SETA BANK 1 DE MAMÓRIA
                      00033 
                      00034 ;* * * * * * * * * * * * * * * * * * * * * * * * * * * * * * * * * *
                      00035 ;*                         VARIÁVEIS                               *
                      00036 ;* * * * * * * * * * * * * * * * * * * * * * * * * * * * * * * * * *
                      00037 ; DEFINIÇÃO DOS NOMES E ENDEREÇOS DE TODAS AS VARIÁVEIS UTILIZADAS 
                      00038 ; PELO SISTEMA
                      00039 
                      00040         CBLOCK  0x20    ;ENDEREÇO INICIAL DA MEMÓRIA DE
                      00041                                         ;USUÁRIO
  00000020            00042                 W_TEMP          ;REGISTRADORES TEMPORÁRIOS PARA USO
  00000021            00043                 STATUS_TEMP     ;JUNTO ÀS INTERRUPÇÕES
MPASM 5.77  /HOME/SUANNYFABYNE/DOCUMENTOS/P6   8-23-2018  0:42:12         PAGE  2


LOC  OBJECT CODE     LINE SOURCE TEXT
  VALUE

  00000022            00044                 FLAG ;VARIAVEL Q SERÁ UTILIZADA PARA AUXILIAR NA INTERRUPÇAO
  00000023            00045                 CONTDELAY ;VARIAVEL AUXILIAR PARA FAZER DELAY DE MEIO SEGUNDO
                      00046                 ;NOVAS VARIÁVEIS
                      00047 
                      00048         ENDC                    ;FIM DO BLOCO DE MEMÓRIA
                      00049 ;* * * * * * * * * * * * * * * * * * * * * * * * * * * * * * * * * *
                      00050 ;*                        FLAGS INTERNOS                           *
                      00051 ;* * * * * * * * * * * * * * * * * * * * * * * * * * * * * * * * * *
                      00052 ; DEFINIÇÃO DE TODOS OS FLAGS UTILIZADOS PELO SISTEMA
                      00053 
                      00054 ;* * * * * * * * * * * * * * * * * * * * * * * * * * * * * * * * * *
                      00055 ;*                         CONSTANTES                              *
                      00056 ;* * * * * * * * * * * * * * * * * * * * * * * * * * * * * * * * * *
                      00057 ; DEFINIÇÃO DE TODAS AS CONSTANTES UTILIZADAS PELO SISTEMA
                      00058 
                      00059 ;* * * * * * * * * * * * * * * * * * * * * * * * * * * * * * * * * *
                      00060 ;*                           ENTRADAS                              *
                      00061 ;* * * * * * * * * * * * * * * * * * * * * * * * * * * * * * * * * *
                      00062 ;     GP0 COMO PISCA ALERTA (1 LIGA O PISCA ALERTA, 0 P/ DESLIGA)
                      00063 ;     GP1, (1 PARA PISCAR O LED DA ESQUERDA, 0 P/ DESLIGAR )
                      00064 ;     GP2, (1 PARA PISCAR O LED DA DIREITA, 0 P/ DESLIGAR )
                      00065 ;* * * * * * * * * * * * * * * * * * * * * * * * * * * * * * * * * *
                      00066 ;*                           SAÍDAS                                *
                      00067 ;* * * * * * * * * * * * * * * * * * * * * * * * * * * * * * * * * *
                      00068 ;   GP4 REPRESENTA O LED DA ESQUERDA E GP5 O DA DIREITA (1 LIGA O LED, 0 DESLIGA)
                      00069 ; 
                      00070 
                      00071 ;* * * * * * * * * * * * * * * * * * * * * * * * * * * * * * * * * *
                      00072 ;*                       VETOR DE RESET                            *
                      00073 ;* * * * * * * * * * * * * * * * * * * * * * * * * * * * * * * * * *
                      00074 
0000                  00075         ORG     0x00                    ;ENDEREÇO INICIAL DE PROCESSAMENTO
0000   282D           00076         GOTO    INICIO
                      00077         
                      00078 ;* * * * * * * * * * * * * * * * * * * * * * * * * * * * * * * * * *
                      00079 ;*                    INÍCIO DA INTERRUPÇÃO                        *
                      00080 ;* * * * * * * * * * * * * * * * * * * * * * * * * * * * * * * * * *
                      00081 ; ENDEREÇO DE DESVIO DAS INTERRUPÇÕES. A PRIMEIRA TAREFA É SALVAR OS
                      00082 ; VALORES DE "W" E "STATUS" PARA RECUPERAÇÃO FUTURA
                      00083 
0004                  00084         ORG     0x04                    ;ENDEREÇO INICIAL DA INTERRUPÇÃO
0004   00A0           00085         MOVWF   W_TEMP          ;COPIA W PARA W_TEMP
0005   0E03           00086         SWAPF   STATUS,W
0006   00A1           00087         MOVWF   STATUS_TEMP     ;COPIA STATUS PARA STATUS_TEMP
                      00088 
                      00089 ;* * * * * * * * * * * * * * * * * * * * * * * * * * * * * * * * * *
                      00090 ;*                    ROTINA DE INTERRUPÇÃO                        *
                      00091 ;* * * * * * * * * * * * * * * * * * * * * * * * * * * * * * * * * *
                      00092 ; AQUI SERÁ ESCRITA AS ROTINAS DE RECONHECIMENTO E TRATAMENTO DAS
                      00093 ; INTERRUPÇÕES
0007   3000           00094         MOVLW B'000' 
0008   00A2           00095         MOVWF FLAG ;INICALIZAÇAO DE FLAG COMO 000, O BIT MENOS SIGNIFICATIVO CORRESPONDE A GP0 (PISCAALE
                            RTA), O DO MEIO GP1 (ESQUERDA) E O MAIS SIGNIGICATIVO GP2 (DIREITA)
MPASM 5.77  /HOME/SUANNYFABYNE/DOCUMENTOS/P6   8-23-2018  0:42:12         PAGE  3


LOC  OBJECT CODE     LINE SOURCE TEXT
  VALUE

0009   1805           00096         BTFSC GPIO, GP0 ; SE O GP0, QUE ACIONA O PISCA ALERTA, FOR 1, SERÁ SETADA A FLAG QUE CORRESPONDE
                             A MESMA
000A   2810           00097         GOTO PISCAALERTA
000B   1885           00098         BTFSC GPIO, GP1 ; SE O GP1, QUE ACIONA O LED ESQUERDO, FOR 1, SERÁ SETADA A FLAG QUE CORRESPONDE
                             A MESMA
000C   2813           00099         GOTO PISCAGP4
000D   1905           00100         BTFSC GPIO, GP2 ; SE O GP2, QUE ACIONA O LED DIREITO, FOR 1, SERÁ SETADA A FLAG QUE CORRESPONDE 
                            A MESMA
000E   2816           00101         GOTO PISCAGP5 
000F   2819           00102         GOTO SAI_INT ;SE TIVER INTERRUPÇAO, MAS NEM GP0, GP1 OU GP2 TIVER EM 2, SAI DA INTERRUPÇAO COM F
                            LAG ZERADA
0010                  00103 PISCAALERTA
0010   3001           00104         MOVLW B'001' ;SETA O BIT DA FLAG CORRESPONDENTE AO GP0 ACESO (PISCA ALERTA)
0011   00A2           00105         MOVWF FLAG
0012   2819           00106         GOTO SAI_INT
0013                  00107 PISCAGP4
0013   3002           00108         MOVLW B'010' ;SETA O BIT DA FLAG CORRESPONDENTE AO GP1 ACESO (ESQUERDA)
0014   00A2           00109         MOVWF FLAG
0015   2819           00110         GOTO SAI_INT
0016                  00111 PISCAGP5
0016   3004           00112         MOVLW B'100' ;SETA O BIT DA FLAG CORRESPONDENTE AO GP2 ACESO (DIREITA)
0017   00A2           00113         MOVWF FLAG
0018   2819           00114         GOTO SAI_INT
                      00115 
                      00116         
                      00117 ;* * * * * * * * * * * * * * * * * * * * * * * * * * * * * * * * * *
                      00118 ;*                 ROTINA DE SAÍDA DA INTERRUPÇÃO                  *
                      00119 ;* * * * * * * * * * * * * * * * * * * * * * * * * * * * * * * * * *
                      00120 ; OS VALORES DE "W" E "STATUS" DEVEM SER RECUPERADOS ANTES DE 
                      00121 ; RETORNAR DA INTERRUPÇÃO
                      00122 
0019                  00123 SAI_INT
0019   100B           00124         BCF INTCON, 0 ;SETA O BIT 0 DO INTCON, PARA NAO FICARMOS SEMPRE EM LOOP NA INTERRUPÇAO, SEM SAIR
001A   0E21           00125         SWAPF   STATUS_TEMP,W
001B   0083           00126         MOVWF   STATUS          ;MOVE STATUS_TEMP PARA STATUS
001C   0EA0           00127         SWAPF   W_TEMP,F
001D   0E20           00128         SWAPF   W_TEMP,W        ;MOVE W_TEMP PARA W
001E   0009           00129         RETFIE
                      00130 
                      00131 ;* * * * * * * * * * * * * * * * * * * * * * * * * * * * * * * * * *
                      00132 ;*                       ROTINAS E SUBROTINAS                      *
                      00133 ;* * * * * * * * * * * * * * * * * * * * * * * * * * * * * * * * * *
                      00134 ; CADA ROTINA OU SUBROTINA DEVE POSSUIR A DESCRIÇÃO DE FUNCIONAMENTO
                      00135 ; E UM NOME COERENTE ÀS SUAS FUNÇÕES.
                      00136 
001F                  00137 DELAYPISCA ;SUBROTINA REFERENTE AO DISPLAY
001F   3008           00138         MOVLW .8 ;TIMER0 CONTARÁ DE 10 ATÉ 256 8 VEZES, PARA OCORRER O DELAY DESEJADO DE MEIO SEGUNDO
0020   00A3           00139         MOVWF CONTDELAY
0021   110B           00140         BCF INTCON, T0IF 
0022   300A           00141         MOVLW .10 ;INICIA COM 10, POIS (256-10)x256x8 = 500ms 
0023   0081           00142         MOVWF TMR0
0024                  00143 TIMER
0024   1D0B           00144         BTFSS INTCON, T0IF
MPASM 5.77  /HOME/SUANNYFABYNE/DOCUMENTOS/P6   8-23-2018  0:42:12         PAGE  4


LOC  OBJECT CODE     LINE SOURCE TEXT
  VALUE

0025   2824           00145         GOTO TIMER
0026   2827           00146         GOTO CONTADOR
0027                  00147 CONTADOR
0027   110B           00148         BCF INTCON, T0IF
0028   300A           00149         MOVLW .10
0029   0081           00150         MOVWF TMR0
Message[305]: Using default destination of 1 (file).
002A   0BA3           00151         DECFSZ CONTDELAY ;REPETE A CONTAGEM DO TIMER0 8 VEZES, E APÓS ISSO, RETORNA
002B   2824           00152         GOTO TIMER
002C   0008           00153         RETURN
                      00154         
                      00155 
                      00156         
                      00157 
                      00158 ;* * * * * * * * * * * * * * * * * * * * * * * * * * * * * * * * * *
                      00159 ;*                     INICIO DO PROGRAMA                          *
                      00160 ;* * * * * * * * * * * * * * * * * * * * * * * * * * * * * * * * * *
                      00161         
002D                  00162 INICIO
002D   1683           00163         BANK1                           ;ALTERA PARA O BANCO 1
002E   3007           00164         MOVLW   B'00000111' ;CONFIGURA TODAS AS PORTAS DO GPIO (PINOS) GP0, GP1 E GP2 COMO ENTRADA
Message[302]: Register in operand not in bank 0.  Ensure that bank bits are correct.
002F   0085           00165         MOVWF   TRISIO          ;COMO SAÍDAS
Message[302]: Register in operand not in bank 0.  Ensure that bank bits are correct.
0030   019F           00166         CLRF    ANSEL           ;DEFINE PORTAS COMO Digital I/O
0031   3087           00167         MOVLW   B'10000111' ;USANDO ESCALA DE 256, E ALTERANDO O BIT 7 PARA DESABILITAR O GPIO PULL-UPS
Message[302]: Register in operand not in bank 0.  Ensure that bank bits are correct.
0032   0081           00168         MOVWF   OPTION_REG      ;DEFINE OPÇÕES DE OPERAÇÃO
0033   3088           00169         MOVLW   B'10001000'  ;SETA BIT 7 PARA HABILITAR ITERRUPÇOES, E BIT 3 PARA HABILITAR INTERRUPÇAO 
                            DO GPIO
0034   008B           00170         MOVWF   INTCON          ;DEFINE OPÇÕES DE INTERRUPÇÕES
0035   3007           00171         MOVLW   B'00000111' ;SETA BIT 0, 1 E 2 PARA OCORRER A INTERRUPÇAO AO MUDAR PORTAS GPO, GP1 E GP2
Message[302]: Register in operand not in bank 0.  Ensure that bank bits are correct.
0036   0096           00172         MOVWF   IOC
0037   1283           00173         BANK0                           ;RETORNA PARA O BANCO
0038   3007           00174         MOVLW   B'00000111'
0039   0099           00175         MOVWF   CMCON           ;DEFINE O MODO DE OPERAÇÃO DO COMPARADOR ANALÓGICO
                      00176         
                      00177 
                      00178 ;* * * * * * * * * * * * * * * * * * * * * * * * * * * * * * * * * *
                      00179 ;*                     INICIALIZAÇÃO DAS VARIÁVEIS                 *
                      00180 ;* * * * * * * * * * * * * * * * * * * * * * * * * * * * * * * * * *
003A   3000           00181         MOVLW B'000'
003B   00A2           00182         MOVWF FLAG
003C   3008           00183         MOVLW .8
003D   00A3           00184         MOVWF CONTDELAY
                      00185 ;* * * * * * * * * * * * * * * * * * * * * * * * * * * * * * * * * *
                      00186 ;*                     ROTINA PRINCIPAL                            *
                      00187 ;* * * * * * * * * * * * * * * * * * * * * * * * * * * * * * * * * *
003E                  00188 MAIN ;MODELO FEITO E TESTANDO EM PULL-DOWN
003E   1822           00189         BTFSC FLAG, 0 ;CONFERE SE O BIT 0 DA FLAG QUE CORRESPONDE AO GP0 EM 1 (OU PISCA ALERTA) ESTA DES
                            LIGADO
003F   2845           00190         GOTO PISCAALERTAMAIN ;SE TIVER LIGADO, VAI PARA O PISCA ALERTA
MPASM 5.77  /HOME/SUANNYFABYNE/DOCUMENTOS/P6   8-23-2018  0:42:12         PAGE  5


LOC  OBJECT CODE     LINE SOURCE TEXT
  VALUE

0040   18A2           00191         BTFSC FLAG, 1 ;CONFERE SE O BIT 1 DA FLAG QUE CORRESPONDE AO GP1 EM 1 (OU ESQUERDA) ESTA DESLIGA
                            DO
0041   284E           00192         GOTO PISCAGP4MAIN
0042   1922           00193         BTFSC FLAG, 2 ;CONFERE SE O BIT 2 DA FLAG QUE CORRESPONDE AO GP2 EM 1 (OU ESQUERDA) ESTA DESLIGA
                            DO
0043   2855           00194         GOTO PISCAGP5MAIN
0044   283E           00195         GOTO MAIN ;SE NENHUM BIT DA FLAG ESTIVER SETADO, OU SEJA, GP0 GP1 E GP1 TODOS EM 0. CONTINUA EM 
                            LOOP NO MAIN
0045                  00196 PISCAALERTAMAIN 
0045   1605           00197         BSF GPIO, GP4 ;SETA AS PORTAS GP4 E GP5, CORRESPONDENTES AOS LEDS, PARA PISCAR OS LEDS COM FREQU
                            ENCIA DE 1 SEGUNDO
0046   1685           00198         BSF GPIO, GP5
0047   201F           00199         CALL DELAYPISCA ;DELAY DE MEIO SEGUNDO
0048   1205           00200         BCF GPIO, GP4
0049   1285           00201         BCF GPIO, GP5
004A   201F           00202         CALL DELAYPISCA 
004B   1C22           00203         BTFSS FLAG,0 ;QUANDO VOLTAR DA INTERRUPÇAO, PRECISA DESSA CHECAGEM PARA CONFERIR SE A PORTA CORR
                            ESPONDENTE AO PISCAALERTA AINDA ESTÁ EM 1
004C   283E           00204         GOTO MAIN  ;SE A INTERRUPÇAO GERADA FEZ SAIR DO PISCAALERTA, ENTAO SAI DESSA LABEL E VOLTA PRO M
                            AIN
004D   2845           00205         GOTO PISCAALERTAMAIN
004E                  00206 PISCAGP4MAIN
004E   1605           00207         BSF GPIO, GP4
004F   201F           00208         CALL DELAYPISCA
0050   1205           00209         BCF GPIO, GP4
0051   201F           00210         CALL DELAYPISCA
0052   1CA2           00211         BTFSS FLAG,1 ;QUANDO VOLTAR DA INTERRUPÇAO, PRECISA DESSA CHECAGEM PARA CONFERIR SE A PORTA CORR
                            ESPONDENTE AO ESQUERDA AINDA ESTÁ EM 1
0053   283E           00212         GOTO MAIN ;SE A INTERRUPÇAO GERADA FEZ MUDAR A CHAVE QUE ATIVA O ESQUERDA, ENTAO VOLTA PRO MAIN
0054   284E           00213         GOTO PISCAGP4MAIN
0055                  00214 PISCAGP5MAIN
0055   1685           00215         BSF GPIO, GP5
0056   201F           00216         CALL DELAYPISCA
0057   1285           00217         BCF GPIO, GP5
0058   201F           00218         CALL DELAYPISCA
0059   1D22           00219         BTFSS FLAG,2 ;QUANDO VOLTAR DA INTERRUPÇAO, PRECISA DESSA CHECAGEM PARA CONFERIR SE A PORTA CORR
                            ESPONDENTE AO DIREITA AINDA ESTÁ EM 1
005A   283E           00220         GOTO MAIN ;SE A INTERRUPÇAO GERADA FEZ MUDAR A CHAVE QUE ATIVA O ESQUERDA, ENTAO VOLTA PRO MAIN
005B   2855           00221         GOTO PISCAGP5MAIN
                      00222 
                      00223 ;* * * * * * * * * * * * * * * * * * * * * * * * * * * * * * * * * *
                      00224 ;*                       FIM DO PROGRAMA                           *
                      00225 ;* * * * * * * * * * * * * * * * * * * * * * * * * * * * * * * * * *
                      00226 
                      00227         END
MPASM 5.77  /HOME/SUANNYFABYNE/DOCUMENTOS/P6   8-23-2018  0:42:12         PAGE  6


SYMBOL TABLE
  LABEL                             VALUE 

ADCON0                            0000001F
ADCS0                             00000004
ADCS1                             00000005
ADCS2                             00000006
ADFM                              00000007
ADIE                              00000006
ADIF                              00000006
ADON                              00000000
ADRESH                            0000001E
ADRESL                            0000009E
ANS0                              00000000
ANS1                              00000001
ANS2                              00000002
ANS3                              00000003
ANSEL                             0000009F
BANK0                             BCF STATUS,RP0
BANK1                             BSF STATUS,RP0
C                                 00000000
CAL0                              00000002
CAL1                              00000003
CAL2                              00000004
CAL3                              00000005
CAL4                              00000006
CAL5                              00000007
CHS0                              00000002
CHS1                              00000003
CINV                              00000004
CIS                               00000003
CM0                               00000000
CM1                               00000001
CM2                               00000002
CMCON                             00000019
CMIE                              00000003
CMIF                              00000003
CONTADOR                          00000027
CONTDELAY                         00000023
COUT                              00000006
DC                                00000001
DELAYPISCA                        0000001F
EEADR                             0000009B
EECON1                            0000009C
EECON2                            0000009D
EEDAT                             0000009A
EEDATA                            0000009A
EEIE                              00000007
EEIF                              00000007
F                                 00000001
FLAG                              00000022
FSR                               00000004
GIE                               00000007
GO                                00000001
GO_DONE                           00000001
GO_NOT_DONE                       00000001
MPASM 5.77  /HOME/SUANNYFABYNE/DOCUMENTOS/P6   8-23-2018  0:42:12         PAGE  7


SYMBOL TABLE
  LABEL                             VALUE 

GP0                               00000000
GP1                               00000001
GP2                               00000002
GP3                               00000003
GP4                               00000004
GP5                               00000005
GPIE                              00000003
GPIF                              00000000
GPIO                              00000005
GPIO0                             00000000
GPIO1                             00000001
GPIO2                             00000002
GPIO3                             00000003
GPIO4                             00000004
GPIO5                             00000005
INDF                              00000000
INICIO                            0000002D
INTCON                            0000000B
INTE                              00000004
INTEDG                            00000006
INTF                              00000001
IOC                               00000096
IOC0                              00000000
IOC1                              00000001
IOC2                              00000002
IOC3                              00000003
IOC4                              00000004
IOC5                              00000005
IOCB                              00000096
IOCB0                             00000000
IOCB1                             00000001
IOCB2                             00000002
IOCB3                             00000003
IOCB4                             00000004
IOCB5                             00000005
IRP                               00000007
MAIN                              0000003E
NOT_BOD                           00000000
NOT_BOR                           00000000
NOT_DONE                          00000001
NOT_GPPU                          00000007
NOT_PD                            00000003
NOT_POR                           00000001
NOT_T1SYNC                        00000002
NOT_TO                            00000004
OPTION_REG                        00000081
OSCCAL                            00000090
PCL                               00000002
PCLATH                            0000000A
PCON                              0000008E
PEIE                              00000006
PIE1                              0000008C
PIR1                              0000000C
MPASM 5.77  /HOME/SUANNYFABYNE/DOCUMENTOS/P6   8-23-2018  0:42:12         PAGE  8


SYMBOL TABLE
  LABEL                             VALUE 

PISCAALERTA                       00000010
PISCAALERTAMAIN                   00000045
PISCAGP4                          00000013
PISCAGP4MAIN                      0000004E
PISCAGP5                          00000016
PISCAGP5MAIN                      00000055
PS0                               00000000
PS1                               00000001
PS2                               00000002
PSA                               00000003
RD                                00000000
RP0                               00000005
RP1                               00000006
SAI_INT                           00000019
STATUS                            00000003
STATUS_TEMP                       00000021
T0CS                              00000005
T0IE                              00000005
T0IF                              00000002
T0SE                              00000004
T1CKPS0                           00000004
T1CKPS1                           00000005
T1CON                             00000010
T1IE                              00000000
T1IF                              00000000
T1OSCEN                           00000003
TIMER                             00000024
TMR0                              00000001
TMR0IE                            00000005
TMR0IF                            00000002
TMR1                              0000000E
TMR1CS                            00000001
TMR1GE                            00000006
TMR1H                             0000000F
TMR1IE                            00000000
TMR1IF                            00000000
TMR1L                             0000000E
TMR1ON                            00000000
TRISIO                            00000085
TRISIO0                           00000000
TRISIO1                           00000001
TRISIO2                           00000002
TRISIO3                           00000003
TRISIO4                           00000004
TRISIO5                           00000005
VCFG                              00000006
VR0                               00000000
VR1                               00000001
VR2                               00000002
VR3                               00000003
VRCON                             00000099
VREN                              00000007
VRR                               00000005
MPASM 5.77  /HOME/SUANNYFABYNE/DOCUMENTOS/P6   8-23-2018  0:42:12         PAGE  9


SYMBOL TABLE
  LABEL                             VALUE 

W                                 00000000
WPU                               00000095
WPU0                              00000000
WPU1                              00000001
WPU2                              00000002
WPU4                              00000004
WPU5                              00000005
WR                                00000001
WREN                              00000002
WRERR                             00000003
W_TEMP                            00000020
Z                                 00000002
_BODEN_OFF                        00003FBF
_BODEN_ON                         00003FFF
_BOREN_OFF                        00003FBF
_BOREN_ON                         00003FFF
_CONFIG                           00002007
_CPD_OFF                          00003FFF
_CPD_ON                           00003EFF
_CP_OFF                           00003FFF
_CP_ON                            00003F7F
_DEVID1                           00002006
_EC_OSC                           00003FFB
_EXTRC_OSC_CLKOUT                 00003FFF
_EXTRC_OSC_NOCLKOUT               00003FFE
_FOSC_EC                          00003FFB
_FOSC_EXTRCCLK                    00003FFF
_FOSC_EXTRCIO                     00003FFE
_FOSC_HS                          00003FFA
_FOSC_INTRCCLK                    00003FFD
_FOSC_INTRCIO                     00003FFC
_FOSC_LP                          00003FF8
_FOSC_XT                          00003FF9
_HS_OSC                           00003FFA
_IDLOC0                           00002000
_IDLOC1                           00002001
_IDLOC2                           00002002
_IDLOC3                           00002003
_INTRC_OSC_CLKOUT                 00003FFD
_INTRC_OSC_NOCLKOUT               00003FFC
_LP_OSC                           00003FF8
_MCLRE_OFF                        00003FDF
_MCLRE_ON                         00003FFF
_PWRTE_OFF                        00003FFF
_PWRTE_ON                         00003FEF
_WDTE_OFF                         00003FF7
_WDTE_ON                          00003FFF
_WDT_OFF                          00003FF7
_WDT_ON                           00003FFF
_XT_OSC                           00003FF9
__12F675                          00000001
MPASM 5.77  /HOME/SUANNYFABYNE/DOCUMENTOS/P6   8-23-2018  0:42:12         PAGE 10


MEMORY USAGE MAP ('X' = Used,  '-' = Unused)


0000 : X---XXXXXXXXXXXX XXXXXXXXXXXXXXXX XXXXXXXXXXXXXXXX XXXXXXXXXXXXXXXX
0040 : XXXXXXXXXXXXXXXX XXXXXXXXXXXX---- ---------------- ----------------
2000 : -------X-------- ---------------- ---------------- ----------------

All other memory blocks unused.

Program Memory Words Used:    89
Program Memory Words Free:   935


Errors   :     0
Warnings :     0 reported,     0 suppressed
Messages :     5 reported,     0 suppressed

